****                   ADMIXTURE Version 1.3.0                  ****
****                    Copyright 2008-2015                     ****
****           David Alexander, Suyash Shringarpure,            ****
****                John  Novembre, Ken Lange                   ****
****                                                            ****
****                 Please cite our paper!                     ****
****   Information at www.genetics.ucla.edu/software/admixture  ****

Cross-validation will be performed.  Folds=10.
Parallel execution requested.  Will use 10 threads.
Random seed: 43
Point estimation method: Block relaxation algorithm
Convergence acceleration algorithm: QuasiNewton, 3 secant conditions
Point estimation will terminate when objective function delta < 0.0001
Estimation of standard errors disabled; will compute point estimates only.
Size of G: 19x113626
Performing five EM steps to prime main algorithm
1 (EM) 	Elapsed: 0.121	Loglikelihood: -1.65724e+06	(delta): 2.49388e+06
2 (EM) 	Elapsed: 0.119	Loglikelihood: -1.65724e+06	(delta): 0
3 (EM) 	Elapsed: 0.114	Loglikelihood: -1.65724e+06	(delta): -2.32831e-10
4 (EM) 	Elapsed: 0.113	Loglikelihood: -1.65724e+06	(delta): 0
5 (EM) 	Elapsed: 0.113	Loglikelihood: -1.65724e+06	(delta): 0
Initial loglikelihood: -1.65724e+06
Starting main algorithm
1 (QN/Block) 	Elapsed: 0.237	Loglikelihood: -1.65724e+06	(delta): -2.32831e-10
2 (QN/Block) 	Elapsed: 0.247	Loglikelihood: -1.65724e+06	(delta): 0
Summary: 
Converged in 2 iterations (1.092 sec)
Loglikelihood: -1657241.659920
CV error (K=1): 0.58872
Writing output files.
