****                   ADMIXTURE Version 1.3.0                  ****
****                    Copyright 2008-2015                     ****
****           David Alexander, Suyash Shringarpure,            ****
****                John  Novembre, Ken Lange                   ****
****                                                            ****
****                 Please cite our paper!                     ****
****   Information at www.genetics.ucla.edu/software/admixture  ****

Cross-validation will be performed.  Folds=10.
Parallel execution requested.  Will use 10 threads.
Random seed: 43
Point estimation method: Block relaxation algorithm
Convergence acceleration algorithm: QuasiNewton, 3 secant conditions
Point estimation will terminate when objective function delta < 0.0001
Estimation of standard errors disabled; will compute point estimates only.
Size of G: 19x113626
Performing five EM steps to prime main algorithm
1 (EM) 	Elapsed: 0.337	Loglikelihood: -1.72716e+06	(delta): 1.58142e+06
2 (EM) 	Elapsed: 0.328	Loglikelihood: -1.64667e+06	(delta): 80497
3 (EM) 	Elapsed: 0.329	Loglikelihood: -1.62046e+06	(delta): 26211.6
4 (EM) 	Elapsed: 0.33	Loglikelihood: -1.60394e+06	(delta): 16511.8
5 (EM) 	Elapsed: 0.328	Loglikelihood: -1.59191e+06	(delta): 12033.4
Initial loglikelihood: -1.59191e+06
Starting main algorithm
1 (QN/Block) 	Elapsed: 0.668	Loglikelihood: -1.53357e+06	(delta): 58344.4
2 (QN/Block) 	Elapsed: 0.675	Loglikelihood: -1.49159e+06	(delta): 41978.5
3 (QN/Block) 	Elapsed: 0.724	Loglikelihood: -1.46945e+06	(delta): 22134.4
4 (QN/Block) 	Elapsed: 0.716	Loglikelihood: -1.46236e+06	(delta): 7097.39
5 (QN/Block) 	Elapsed: 0.701	Loglikelihood: -1.46004e+06	(delta): 2310.58
6 (QN/Block) 	Elapsed: 0.713	Loglikelihood: -1.45909e+06	(delta): 950.021
7 (QN/Block) 	Elapsed: 0.717	Loglikelihood: -1.45895e+06	(delta): 140.57
8 (QN/Block) 	Elapsed: 0.7	Loglikelihood: -1.45888e+06	(delta): 69.5815
9 (QN/Block) 	Elapsed: 0.706	Loglikelihood: -1.45887e+06	(delta): 17.0935
10 (QN/Block) 	Elapsed: 0.711	Loglikelihood: -1.45886e+06	(delta): 9.95986
11 (QN/Block) 	Elapsed: 0.722	Loglikelihood: -1.45885e+06	(delta): 9.51934
12 (QN/Block) 	Elapsed: 0.712	Loglikelihood: -1.45884e+06	(delta): 3.71231
13 (QN/Block) 	Elapsed: 0.713	Loglikelihood: -1.45884e+06	(delta): 0.309752
14 (QN/Block) 	Elapsed: 0.707	Loglikelihood: -1.45884e+06	(delta): 0.00118947
15 (QN/Block) 	Elapsed: 0.7	Loglikelihood: -1.45884e+06	(delta): 2.09322e-05
Summary: 
Converged in 15 iterations (12.334 sec)
Loglikelihood: -1458844.149418
Fst divergences between estimated populations: 
	Pop0	Pop1	
Pop0	
Pop1	0.194	
Pop2	0.189	0.143	
CV error (K=3): 0.88098
Writing output files.
