****                   ADMIXTURE Version 1.3.0                  ****
****                    Copyright 2008-2015                     ****
****           David Alexander, Suyash Shringarpure,            ****
****                John  Novembre, Ken Lange                   ****
****                                                            ****
****                 Please cite our paper!                     ****
****   Information at www.genetics.ucla.edu/software/admixture  ****

Cross-validation will be performed.  Folds=10.
Parallel execution requested.  Will use 10 threads.
Random seed: 43
Point estimation method: Block relaxation algorithm
Convergence acceleration algorithm: QuasiNewton, 3 secant conditions
Point estimation will terminate when objective function delta < 0.0001
Estimation of standard errors disabled; will compute point estimates only.
Size of G: 19x113626
Performing five EM steps to prime main algorithm
1 (EM) 	Elapsed: 0.421	Loglikelihood: -1.72099e+06	(delta): 1.47429e+06
2 (EM) 	Elapsed: 0.465	Loglikelihood: -1.63241e+06	(delta): 88583.9
3 (EM) 	Elapsed: 0.394	Loglikelihood: -1.60173e+06	(delta): 30679.8
4 (EM) 	Elapsed: 0.46	Loglikelihood: -1.58265e+06	(delta): 19083.2
5 (EM) 	Elapsed: 0.396	Loglikelihood: -1.56885e+06	(delta): 13794.8
Initial loglikelihood: -1.56885e+06
Starting main algorithm
1 (QN/Block) 	Elapsed: 0.854	Loglikelihood: -1.47959e+06	(delta): 89262
2 (QN/Block) 	Elapsed: 0.854	Loglikelihood: -1.4349e+06	(delta): 44690.6
3 (QN/Block) 	Elapsed: 0.922	Loglikelihood: -1.41845e+06	(delta): 16451.3
4 (QN/Block) 	Elapsed: 0.894	Loglikelihood: -1.40766e+06	(delta): 10785.8
5 (QN/Block) 	Elapsed: 0.891	Loglikelihood: -1.40189e+06	(delta): 5775.09
6 (QN/Block) 	Elapsed: 0.887	Loglikelihood: -1.39914e+06	(delta): 2744.55
7 (QN/Block) 	Elapsed: 0.911	Loglikelihood: -1.3984e+06	(delta): 739.544
8 (QN/Block) 	Elapsed: 0.884	Loglikelihood: -1.39816e+06	(delta): 240.16
9 (QN/Block) 	Elapsed: 0.885	Loglikelihood: -1.398e+06	(delta): 165.83
10 (QN/Block) 	Elapsed: 0.9	Loglikelihood: -1.39796e+06	(delta): 39.7318
11 (QN/Block) 	Elapsed: 0.885	Loglikelihood: -1.39796e+06	(delta): 1.01265
12 (QN/Block) 	Elapsed: 0.884	Loglikelihood: -1.39796e+06	(delta): 0.0487642
13 (QN/Block) 	Elapsed: 0.888	Loglikelihood: -1.39796e+06	(delta): 0.00369488
14 (QN/Block) 	Elapsed: 0.884	Loglikelihood: -1.39796e+06	(delta): 0.000260274
15 (QN/Block) 	Elapsed: 0.885	Loglikelihood: -1.39796e+06	(delta): 5.43378e-05
Summary: 
Converged in 15 iterations (15.558 sec)
Loglikelihood: -1397957.089365
Fst divergences between estimated populations: 
	Pop0	Pop1	Pop2	
Pop0	
Pop1	0.150	
Pop2	0.210	0.199	
Pop3	0.158	0.139	0.222	
CV error (K=4): 1.17702
Writing output files.
