****                   ADMIXTURE Version 1.3.0                  ****
****                    Copyright 2008-2015                     ****
****           David Alexander, Suyash Shringarpure,            ****
****                John  Novembre, Ken Lange                   ****
****                                                            ****
****                 Please cite our paper!                     ****
****   Information at www.genetics.ucla.edu/software/admixture  ****

Cross-validation will be performed.  Folds=10.
Parallel execution requested.  Will use 10 threads.
Random seed: 43
Point estimation method: Block relaxation algorithm
Convergence acceleration algorithm: QuasiNewton, 3 secant conditions
Point estimation will terminate when objective function delta < 0.0001
Estimation of standard errors disabled; will compute point estimates only.
Size of G: 19x113626
Performing five EM steps to prime main algorithm
1 (EM) 	Elapsed: 0.557	Loglikelihood: -1.71429e+06	(delta): 1.37199e+06
2 (EM) 	Elapsed: 0.542	Loglikelihood: -1.62275e+06	(delta): 91538.3
3 (EM) 	Elapsed: 0.547	Loglikelihood: -1.58991e+06	(delta): 32831.9
4 (EM) 	Elapsed: 0.536	Loglikelihood: -1.56691e+06	(delta): 23005.7
5 (EM) 	Elapsed: 0.542	Loglikelihood: -1.54837e+06	(delta): 18541.2
Initial loglikelihood: -1.54837e+06
Starting main algorithm
1 (QN/Block) 	Elapsed: 1.138	Loglikelihood: -1.41709e+06	(delta): 131279
2 (QN/Block) 	Elapsed: 1.108	Loglikelihood: -1.36318e+06	(delta): 53913
3 (QN/Block) 	Elapsed: 1.22	Loglikelihood: -1.33735e+06	(delta): 25826.6
4 (QN/Block) 	Elapsed: 1.192	Loglikelihood: -1.31635e+06	(delta): 20995
5 (QN/Block) 	Elapsed: 1.164	Loglikelihood: -1.30516e+06	(delta): 11192.2
6 (QN/Block) 	Elapsed: 1.21	Loglikelihood: -1.29926e+06	(delta): 5907.1
7 (QN/Block) 	Elapsed: 1.196	Loglikelihood: -1.29672e+06	(delta): 2530.55
8 (QN/Block) 	Elapsed: 1.165	Loglikelihood: -1.29615e+06	(delta): 575.024
9 (QN/Block) 	Elapsed: 1.187	Loglikelihood: -1.29479e+06	(delta): 1358.79
10 (QN/Block) 	Elapsed: 1.189	Loglikelihood: -1.29468e+06	(delta): 108.931
11 (QN/Block) 	Elapsed: 1.187	Loglikelihood: -1.29468e+06	(delta): 4.22668
12 (QN/Block) 	Elapsed: 1.163	Loglikelihood: -1.29468e+06	(delta): 0.0230418
13 (QN/Block) 	Elapsed: 1.208	Loglikelihood: -1.29468e+06	(delta): 0.000823108
14 (QN/Block) 	Elapsed: 1.161	Loglikelihood: -1.29468e+06	(delta): 0.000102705
15 (QN/Block) 	Elapsed: 1.163	Loglikelihood: -1.29468e+06	(delta): 4.71273e-06
Summary: 
Converged in 15 iterations (20.523 sec)
Loglikelihood: -1294677.874289
Fst divergences between estimated populations: 
	Pop0	Pop1	Pop2	Pop3	Pop4	
Pop0	
Pop1	0.176	
Pop2	0.218	0.227	
Pop3	0.182	0.175	0.189	
Pop4	0.230	0.214	0.193	0.184	
Pop5	0.243	0.241	0.238	0.225	0.201	
CV error (K=6): 1.59201
Writing output files.
