Input: lname=genolike.beagle.gz nPop=1, fname=(null) qname=(null) outfiles=str_k_1
Setup: seed=1697440308 nThreads=10 method=1
Convergence: maxIter=2000 tol=0.000010 tolLike50=0.100000 dymBound=0
Filters: misTol=0.050000 minMaf=0.050000 minLrt=0.000000 minInd=0
Input file has dim: nsites=106133 nind=27
Input file has dim (AFTER filtering): nsites=100284 nind=27
iter[start] like is=4809411.771574
EM accelerated Thread has reached convergence with tol 0.000010
best like=-1610191.059897 after 5 iterations
	-> Dumpedfiles are: str_k_1.log
	-> Dumpedfiles are: str_k_1.qopt
	-> Dumpedfiles are: str_k_1.fopt.gz
	[ALL done] cpu-time used =  2.93 sec
	[ALL done] walltime used =  3.00 sec
Input: lname=genolike.beagle.gz nPop=2, fname=(null) qname=(null) outfiles=str_k_2
Setup: seed=1697440311 nThreads=10 method=1
Convergence: maxIter=2000 tol=0.000010 tolLike50=0.100000 dymBound=0
Filters: misTol=0.050000 minMaf=0.050000 minLrt=0.000000 minInd=0
Input file has dim: nsites=106133 nind=27
Input file has dim (AFTER filtering): nsites=100284 nind=27
iter[start] like is=4109703.783743
iter[50] like is=-1503391.034012 thres=0.007266
iter[100] like is=-1497962.616100 thres=0.005065
iter[150] like is=-1492170.907884 thres=0.002435
iter[200] like is=-1491985.519373 thres=0.002162
iter[250] like is=-1491951.651720 thres=0.004274
iter[300] like is=-1491948.032816 thres=0.000021
EM accelerated Thread has reached convergence with tol 0.000010
best like=-1491948.029661 after 318 iterations
	-> Dumpedfiles are: str_k_2.log
	-> Dumpedfiles are: str_k_2.qopt
	-> Dumpedfiles are: str_k_2.fopt.gz
	[ALL done] cpu-time used =  49.20 sec
	[ALL done] walltime used =  15.00 sec
Input: lname=genolike.beagle.gz nPop=3, fname=(null) qname=(null) outfiles=str_k_3
Setup: seed=1697440326 nThreads=10 method=1
Convergence: maxIter=2000 tol=0.000010 tolLike50=0.100000 dymBound=0
Filters: misTol=0.050000 minMaf=0.050000 minLrt=0.000000 minInd=0
Input file has dim: nsites=106133 nind=27
Input file has dim (AFTER filtering): nsites=100284 nind=27
iter[start] like is=3738316.315995
iter[50] like is=-1436770.117406 thres=0.011729
iter[100] like is=-1427789.911867 thres=0.002505
iter[150] like is=-1427457.789292 thres=0.005211
iter[200] like is=-1427015.530423 thres=0.000014
iter[250] like is=-1427015.381069 thres=0.000000
EM accelerated Thread has reached convergence with tol 0.000010
best like=-1427015.377715 after 280 iterations
	-> Dumpedfiles are: str_k_3.log
	-> Dumpedfiles are: str_k_3.qopt
	-> Dumpedfiles are: str_k_3.fopt.gz
	[ALL done] cpu-time used =  53.47 sec
	[ALL done] walltime used =  17.00 sec
Input: lname=genolike.beagle.gz nPop=4, fname=(null) qname=(null) outfiles=str_k_4
Setup: seed=1697440343 nThreads=10 method=1
Convergence: maxIter=2000 tol=0.000010 tolLike50=0.100000 dymBound=0
Filters: misTol=0.050000 minMaf=0.050000 minLrt=0.000000 minInd=0
Input file has dim: nsites=106133 nind=27
Input file has dim (AFTER filtering): nsites=100284 nind=27
iter[start] like is=3592363.407145
iter[50] like is=-1372788.521586 thres=0.015408
iter[100] like is=-1367903.387541 thres=0.008442
iter[150] like is=-1367164.154120 thres=0.015734
iter[200] like is=-1367036.056990 thres=0.000126
iter[250] like is=-1367033.954431 thres=0.000504
iter[300] like is=-1367033.489037 thres=0.000173
iter[350] like is=-1367033.303738 thres=0.000016
EM accelerated Thread has reached convergence with tol 0.000010
best like=-1367033.217748 after 397 iterations
	-> Dumpedfiles are: str_k_4.log
	-> Dumpedfiles are: str_k_4.qopt
	-> Dumpedfiles are: str_k_4.fopt.gz
	[ALL done] cpu-time used =  82.51 sec
	[ALL done] walltime used =  24.00 sec
Input: lname=genolike.beagle.gz nPop=5, fname=(null) qname=(null) outfiles=str_k_5
Setup: seed=1697440367 nThreads=10 method=1
Convergence: maxIter=2000 tol=0.000010 tolLike50=0.100000 dymBound=0
Filters: misTol=0.050000 minMaf=0.050000 minLrt=0.000000 minInd=0
Input file has dim: nsites=106133 nind=27
Input file has dim (AFTER filtering): nsites=100284 nind=27
iter[start] like is=3510966.580839
iter[50] like is=-1320052.977891 thres=0.018513
iter[100] like is=-1307996.570283 thres=0.013566
iter[150] like is=-1306211.669756 thres=0.000985
iter[200] like is=-1306031.174959 thres=0.006501
iter[250] like is=-1304943.291720 thres=0.004707
iter[300] like is=-1304721.457902 thres=0.000117
iter[350] like is=-1304721.331266 thres=0.000039
iter[400] like is=-1304721.318202 thres=0.000000
Convergence achived because log likelihooditer difference for 50 iteraction is less than 0.100000
best like=-1304721.318202 after 400 iterations
	-> Dumpedfiles are: str_k_5.log
	-> Dumpedfiles are: str_k_5.qopt
	-> Dumpedfiles are: str_k_5.fopt.gz
	[ALL done] cpu-time used =  97.51 sec
	[ALL done] walltime used =  29.00 sec
Input: lname=genolike.beagle.gz nPop=6, fname=(null) qname=(null) outfiles=str_k_6
Setup: seed=1697440396 nThreads=10 method=1
Convergence: maxIter=2000 tol=0.000010 tolLike50=0.100000 dymBound=0
Filters: misTol=0.050000 minMaf=0.050000 minLrt=0.000000 minInd=0
Input file has dim: nsites=106133 nind=27
Input file has dim (AFTER filtering): nsites=100284 nind=27
iter[start] like is=3469099.392308
iter[50] like is=-1279767.749109 thres=0.015551
iter[100] like is=-1269126.197828 thres=0.007749
iter[150] like is=-1266272.100732 thres=0.017323
iter[200] like is=-1260366.720845 thres=0.005354
iter[250] like is=-1258897.382983 thres=0.004361
iter[300] like is=-1257661.350624 thres=0.004786
iter[350] like is=-1257426.823121 thres=0.000051
iter[400] like is=-1257422.172269 thres=0.000349
iter[450] like is=-1254745.430317 thres=0.003878
iter[500] like is=-1253822.313693 thres=0.000018
EM accelerated Thread has reached convergence with tol 0.000010
best like=-1253822.260673 after 550 iterations
	-> Dumpedfiles are: str_k_6.log
	-> Dumpedfiles are: str_k_6.qopt
	-> Dumpedfiles are: str_k_6.fopt.gz
	[ALL done] cpu-time used =  141.05 sec
	[ALL done] walltime used =  41.00 sec
Input: lname=genolike.beagle.gz nPop=7, fname=(null) qname=(null) outfiles=str_k_7
Setup: seed=1697440437 nThreads=10 method=1
Convergence: maxIter=2000 tol=0.000010 tolLike50=0.100000 dymBound=0
Filters: misTol=0.050000 minMaf=0.050000 minLrt=0.000000 minInd=0
Input file has dim: nsites=106133 nind=27
Input file has dim (AFTER filtering): nsites=100284 nind=27
iter[start] like is=3435680.593860
iter[50] like is=-1221020.523455 thres=0.023276
iter[100] like is=-1211082.606460 thres=0.004006
iter[150] like is=-1211015.368864 thres=0.000008
iter[200] like is=-1211015.234523 thres=0.000000
EM accelerated Thread has reached convergence with tol 0.000010
best like=-1211015.228901 after 240 iterations
	-> Dumpedfiles are: str_k_7.log
	-> Dumpedfiles are: str_k_7.qopt
	-> Dumpedfiles are: str_k_7.fopt.gz
	[ALL done] cpu-time used =  77.68 sec
	[ALL done] walltime used =  24.00 sec
